[2025-10-12 21:36:10] INFO: Starting Flye 2.9.6-b1802
[2025-10-12 21:36:10] INFO: >>>STAGE: configure
[2025-10-12 21:36:10] INFO: Configuring run
[2025-10-12 21:36:18] INFO: Total read length: 405661796
[2025-10-12 21:36:18] INFO: Input genome size: 170000
[2025-10-12 21:36:18] INFO: Estimated coverage: 2386
[2025-10-12 21:36:18] WARNING: Expected read coverage is 2386, the assembly is not guaranteed to be optimal in this setting. Are you sure that the genome size was entered correctly?
[2025-10-12 21:36:18] INFO: Reads N50/N90: 16268 / 3824
[2025-10-12 21:36:18] INFO: Minimum overlap set to 4000
[2025-10-12 21:36:18] INFO: >>>STAGE: assembly
[2025-10-12 21:36:18] INFO: Assembling disjointigs
[2025-10-12 21:36:18] INFO: Reading sequences
[2025-10-12 21:36:25] INFO: Building minimizer index
[2025-10-12 21:36:25] INFO: Pre-calculating index storage
0% 10% 20% 30% 40% 50% 60% 70% 80% 90% 100% 
[2025-10-12 21:36:35] INFO: Filling index
0% 10% 20% 30% 40% 50% 60% 70% 80% 90% 100% 
[2025-10-12 21:37:03] INFO: Extending reads
[2025-10-12 21:39:29] INFO: Overlap-based coverage: 41
[2025-10-12 21:39:29] INFO: Median overlap divergence: 0.169488
0% 60% 70% 100% 
[2025-10-12 21:42:30] INFO: Assembled 6 disjointigs
[2025-10-12 21:42:31] INFO: Generating sequence
0% 10% 20% 30% 40% 50% 60% 70% 80% 90% 100% 
[2025-10-12 21:42:34] INFO: Filtering contained disjointigs
0% 10% 30% 50% 60% 80% 100% 
[2025-10-12 21:42:35] INFO: Contained seqs: 2
[2025-10-12 21:42:36] INFO: >>>STAGE: consensus
[2025-10-12 21:42:36] INFO: Running Minimap2
[2025-10-12 21:44:03] INFO: Computing consensus
[2025-10-12 21:45:06] INFO: Alignment error rate: 0.187679
[2025-10-12 21:45:06] INFO: >>>STAGE: repeat
[2025-10-12 21:45:06] INFO: Building and resolving repeat graph
[2025-10-12 21:45:06] INFO: Parsing disjointigs
[2025-10-12 21:45:06] INFO: Building repeat graph
0% 20% 50% 70% 100% 
[2025-10-12 21:45:11] INFO: Median overlap divergence: 0.0628647
[2025-10-12 21:45:11] INFO: Parsing reads
[2025-10-12 21:45:18] INFO: Aligning reads to the graph
0% 10% 20% 30% 40% 50% 60% 70% 80% 90% 100% 
[2025-10-12 21:45:48] INFO: Aligned read sequence: 149150806 / 362765231 (0.41115)
[2025-10-12 21:45:48] INFO: Median overlap divergence: 0.104578
[2025-10-12 21:45:48] INFO: Mean edge coverage: 27
[2025-10-12 21:45:48] INFO: Simplifying the graph
[2025-10-12 21:45:49] INFO: >>>STAGE: contigger
[2025-10-12 21:45:49] INFO: Generating contigs
[2025-10-12 21:45:49] INFO: Reading sequences
[2025-10-12 21:45:56] INFO: Generated 7 contigs
[2025-10-12 21:45:56] INFO: Added 0 scaffold connections
[2025-10-12 21:45:56] INFO: >>>STAGE: polishing
[2025-10-12 21:45:56] INFO: Polishing genome (1/1)
[2025-10-12 21:45:56] INFO: Running minimap2
[2025-10-12 21:46:58] INFO: Separating alignment into bubbles
[2025-10-12 21:48:25] INFO: Alignment error rate: 0.135384
[2025-10-12 21:48:25] INFO: Correcting bubbles
0% 10% 20% 30% 40% 50% 60% 70% 80% 90% 100% 
[2025-10-12 21:49:57] INFO: >>>STAGE: finalize
[2025-10-12 21:49:57] INFO: Assembly statistics:

	Total length:	5586388
	Fragments:	4
	Fragments N50:	5445717
	Largest frg:	5445717
	Scaffolds:	0
	Mean coverage:	68

[2025-10-12 21:49:57] INFO: Final assembly: /sciclone/home/vpande/BIOCOMPUTING/assignments/assignment_6/assemblies/assembly_local/assembly.fasta
