[2025-10-12 21:55:21] INFO: Starting Flye 2.9.6-b1802
[2025-10-12 21:55:21] INFO: >>>STAGE: configure
[2025-10-12 21:55:21] INFO: Configuring run
[2025-10-12 21:55:29] INFO: Total read length: 405661796
[2025-10-12 21:55:29] INFO: Input genome size: 170000
[2025-10-12 21:55:29] INFO: Estimated coverage: 2386
[2025-10-12 21:55:29] WARNING: Expected read coverage is 2386, the assembly is not guaranteed to be optimal in this setting. Are you sure that the genome size was entered correctly?
[2025-10-12 21:55:29] INFO: Reads N50/N90: 16268 / 3824
[2025-10-12 21:55:29] INFO: Minimum overlap set to 4000
[2025-10-12 21:55:29] INFO: >>>STAGE: assembly
[2025-10-12 21:55:29] INFO: Assembling disjointigs
[2025-10-12 21:55:29] INFO: Reading sequences
[2025-10-12 21:55:36] INFO: Building minimizer index
[2025-10-12 21:55:36] INFO: Pre-calculating index storage
0% 10% 20% 30% 40% 50% 60% 70% 80% 90% 100% 
[2025-10-12 21:55:47] INFO: Filling index
0% 10% 20% 30% 40% 50% 60% 70% 80% 90% 100% 
[2025-10-12 21:56:18] INFO: Extending reads
[2025-10-12 21:58:46] INFO: Overlap-based coverage: 41
[2025-10-12 21:58:46] INFO: Median overlap divergence: 0.169488
0% 60% 70% 100% 
[2025-10-12 22:01:52] INFO: Assembled 6 disjointigs
[2025-10-12 22:01:53] INFO: Generating sequence
0% 10% 20% 30% 40% 50% 60% 70% 80% 90% 100% 
[2025-10-12 22:01:56] INFO: Filtering contained disjointigs
0% 10% 30% 50% 60% 80% 100% 
[2025-10-12 22:01:58] INFO: Contained seqs: 2
[2025-10-12 22:01:58] INFO: >>>STAGE: consensus
[2025-10-12 22:01:58] INFO: Running Minimap2
[2025-10-12 22:03:20] INFO: Computing consensus
[2025-10-12 22:04:23] INFO: Alignment error rate: 0.187887
[2025-10-12 22:04:23] INFO: >>>STAGE: repeat
[2025-10-12 22:04:23] INFO: Building and resolving repeat graph
[2025-10-12 22:04:23] INFO: Parsing disjointigs
[2025-10-12 22:04:23] INFO: Building repeat graph
0% 20% 50% 70% 100% 
[2025-10-12 22:04:29] INFO: Median overlap divergence: 0.0745829
[2025-10-12 22:04:29] INFO: Parsing reads
[2025-10-12 22:04:36] INFO: Aligning reads to the graph
0% 10% 20% 30% 40% 50% 60% 70% 80% 90% 100% 
[2025-10-12 22:05:07] INFO: Aligned read sequence: 149152276 / 362765231 (0.411154)
[2025-10-12 22:05:07] INFO: Median overlap divergence: 0.10459
[2025-10-12 22:05:07] INFO: Mean edge coverage: 27
[2025-10-12 22:05:07] INFO: Simplifying the graph
[2025-10-12 22:05:08] INFO: >>>STAGE: contigger
[2025-10-12 22:05:08] INFO: Generating contigs
[2025-10-12 22:05:08] INFO: Reading sequences
[2025-10-12 22:05:15] INFO: Generated 9 contigs
[2025-10-12 22:05:15] INFO: Added 0 scaffold connections
[2025-10-12 22:05:15] INFO: >>>STAGE: polishing
[2025-10-12 22:05:15] INFO: Polishing genome (1/1)
[2025-10-12 22:05:15] INFO: Running minimap2
[2025-10-12 22:06:13] INFO: Separating alignment into bubbles
[2025-10-12 22:07:39] INFO: Alignment error rate: 0.135332
[2025-10-12 22:07:39] INFO: Correcting bubbles
0% 10% 20% 30% 40% 50% 60% 70% 80% 90% 100% 
[2025-10-12 22:09:07] INFO: >>>STAGE: finalize
[2025-10-12 22:09:07] INFO: Assembly statistics:

	Total length:	5586412
	Fragments:	4
	Fragments N50:	5445741
	Largest frg:	5445741
	Scaffolds:	0
	Mean coverage:	68

[2025-10-12 22:09:07] INFO: Final assembly: /sciclone/home/vpande/BIOCOMPUTING/assignments/assignment_6/assemblies/assembly_conda/assembly.fasta
