[2025-10-12 22:09:08] INFO: Starting Flye 2.9.6-b1802
[2025-10-12 22:09:08] INFO: >>>STAGE: configure
[2025-10-12 22:09:08] INFO: Configuring run
[2025-10-12 22:09:16] INFO: Total read length: 405661796
[2025-10-12 22:09:16] INFO: Input genome size: 170000
[2025-10-12 22:09:16] INFO: Estimated coverage: 2386
[2025-10-12 22:09:16] WARNING: Expected read coverage is 2386, the assembly is not guaranteed to be optimal in this setting. Are you sure that the genome size was entered correctly?
[2025-10-12 22:09:16] INFO: Reads N50/N90: 16268 / 3824
[2025-10-12 22:09:16] INFO: Minimum overlap set to 4000
[2025-10-12 22:09:16] INFO: >>>STAGE: assembly
[2025-10-12 22:09:16] INFO: Assembling disjointigs
[2025-10-12 22:09:16] INFO: Reading sequences
[2025-10-12 22:09:23] INFO: Building minimizer index
[2025-10-12 22:09:23] INFO: Pre-calculating index storage
0% 10% 20% 30% 40% 50% 60% 70% 80% 90% 100% 
[2025-10-12 22:09:32] INFO: Filling index
0% 10% 20% 30% 40% 50% 60% 70% 80% 90% 100% 
[2025-10-12 22:10:01] INFO: Extending reads
[2025-10-12 22:12:26] INFO: Overlap-based coverage: 41
[2025-10-12 22:12:26] INFO: Median overlap divergence: 0.169488
0% 60% 70% 100% 
[2025-10-12 22:15:27] INFO: Assembled 6 disjointigs
[2025-10-12 22:15:28] INFO: Generating sequence
0% 10% 20% 30% 40% 50% 60% 70% 80% 90% 100% 
[2025-10-12 22:15:30] INFO: Filtering contained disjointigs
0% 10% 30% 50% 60% 80% 100% 
[2025-10-12 22:15:32] INFO: Contained seqs: 2
[2025-10-12 22:15:32] INFO: >>>STAGE: consensus
[2025-10-12 22:15:32] INFO: Running Minimap2
[2025-10-12 22:17:00] INFO: Computing consensus
[2025-10-12 22:18:04] INFO: Alignment error rate: 0.187887
[2025-10-12 22:18:04] INFO: >>>STAGE: repeat
[2025-10-12 22:18:04] INFO: Building and resolving repeat graph
[2025-10-12 22:18:04] INFO: Parsing disjointigs
[2025-10-12 22:18:05] INFO: Building repeat graph
0% 20% 50% 70% 100% 
[2025-10-12 22:18:11] INFO: Median overlap divergence: 0.0745829
[2025-10-12 22:18:11] INFO: Parsing reads
[2025-10-12 22:18:18] INFO: Aligning reads to the graph
0% 10% 20% 30% 40% 50% 60% 70% 80% 90% 100% 
[2025-10-12 22:18:49] INFO: Aligned read sequence: 149152276 / 362765231 (0.411154)
[2025-10-12 22:18:49] INFO: Median overlap divergence: 0.10459
[2025-10-12 22:18:49] INFO: Mean edge coverage: 27
[2025-10-12 22:18:49] INFO: Simplifying the graph
[2025-10-12 22:18:50] INFO: >>>STAGE: contigger
[2025-10-12 22:18:50] INFO: Generating contigs
[2025-10-12 22:18:50] INFO: Reading sequences
[2025-10-12 22:18:57] INFO: Generated 9 contigs
[2025-10-12 22:18:57] INFO: Added 0 scaffold connections
[2025-10-12 22:18:57] INFO: >>>STAGE: polishing
[2025-10-12 22:18:57] INFO: Polishing genome (1/1)
[2025-10-12 22:18:57] INFO: Running minimap2
[2025-10-12 22:19:59] INFO: Separating alignment into bubbles
[2025-10-12 22:21:27] INFO: Alignment error rate: 0.135332
[2025-10-12 22:21:27] INFO: Correcting bubbles
0% 10% 20% 30% 40% 50% 60% 70% 80% 90% 100% 
[2025-10-12 22:23:00] INFO: >>>STAGE: finalize
[2025-10-12 22:23:00] INFO: Assembly statistics:

	Total length:	5586412
	Fragments:	4
	Fragments N50:	5445741
	Largest frg:	5445741
	Scaffolds:	0
	Mean coverage:	68

[2025-10-12 22:23:00] INFO: Final assembly: /sciclone/home/vpande/BIOCOMPUTING/assignments/assignment_6/assemblies/assembly_module/assembly.fasta
